Drill report for Ai1_CC1000.kicad_pcb
Created on 2026-06-27T13:58:55

Copper Layer Stackup:
    =============================================================
    L1 :  F.Cu                      front
    L2 :  In1.Cu                    in1
    L3 :  In2.Cu                    in2
    L4 :  B.Cu                      back


Drill file 'Ai1_CC1000-PTH-drl.gbr' contains
    plated through holes:
    =============================================================
    T1  0.150mm  0.0059"  (432 holes))
    T2  0.460mm  0.0181"  (2 holes))
    T3  1.000mm  0.0394"  (17 holes))
    T4  1.100mm  0.0433"  (4 holes))

    Total plated holes count 455


Drill file 'Ai1_CC1000-NPTH-drl.gbr' contains
    unplated through holes:
    =============================================================
    T1  1.100mm  0.0433"  (4 holes))

    Total unplated holes count 4
